c:\users\owen\downloads\graphics\rtgraphics-lab-4\direct3d11tutorials\tutorial04\x64\debug\vc143.pdb
c:\users\owen\downloads\graphics\rtgraphics-lab-4\direct3d11tutorials\tutorial04\x64\debug\vc143.idb
c:\users\owen\downloads\graphics\rtgraphics-lab-4\direct3d11tutorials\tutorial04\x64\debug\tutorial04.obj
c:\users\owen\downloads\graphics\rtgraphics-lab-4\direct3d11tutorials\x64\debug\tutorial04_ps.cso
c:\users\owen\downloads\graphics\rtgraphics-lab-4\direct3d11tutorials\x64\debug\tutorial04_vs.cso
c:\users\owen\downloads\graphics\rtgraphics-lab-4\direct3d11tutorials\x64\debug\tutorial04.exe
c:\users\owen\downloads\graphics\rtgraphics-lab-4\direct3d11tutorials\x64\debug\tutorial04.pdb
c:\users\owen\downloads\graphics\rtgraphics-lab-4\direct3d11tutorials\tutorial04\x64\debug\tutorial04.res
c:\users\owen\downloads\graphics\rtgraphics-lab-4\direct3d11tutorials\tutorial04\x64\debug\tutorial04.ilk
c:\users\owen\downloads\graphics\rtgraphics-lab-4\direct3d11tutorials\tutorial04\x64\debug\tutorial04.tlog\cl.command.1.tlog
c:\users\owen\downloads\graphics\rtgraphics-lab-4\direct3d11tutorials\tutorial04\x64\debug\tutorial04.tlog\cl.items.tlog
c:\users\owen\downloads\graphics\rtgraphics-lab-4\direct3d11tutorials\tutorial04\x64\debug\tutorial04.tlog\cl.read.1.tlog
c:\users\owen\downloads\graphics\rtgraphics-lab-4\direct3d11tutorials\tutorial04\x64\debug\tutorial04.tlog\cl.write.1.tlog
c:\users\owen\downloads\graphics\rtgraphics-lab-4\direct3d11tutorials\tutorial04\x64\debug\tutorial04.tlog\fxc.command.1.tlog
c:\users\owen\downloads\graphics\rtgraphics-lab-4\direct3d11tutorials\tutorial04\x64\debug\tutorial04.tlog\fxc.read.1.tlog
c:\users\owen\downloads\graphics\rtgraphics-lab-4\direct3d11tutorials\tutorial04\x64\debug\tutorial04.tlog\fxc.write.1.tlog
c:\users\owen\downloads\graphics\rtgraphics-lab-4\direct3d11tutorials\tutorial04\x64\debug\tutorial04.tlog\link.command.1.tlog
c:\users\owen\downloads\graphics\rtgraphics-lab-4\direct3d11tutorials\tutorial04\x64\debug\tutorial04.tlog\link.read.1.tlog
c:\users\owen\downloads\graphics\rtgraphics-lab-4\direct3d11tutorials\tutorial04\x64\debug\tutorial04.tlog\link.secondary.1.tlog
c:\users\owen\downloads\graphics\rtgraphics-lab-4\direct3d11tutorials\tutorial04\x64\debug\tutorial04.tlog\link.write.1.tlog
c:\users\owen\downloads\graphics\rtgraphics-lab-4\direct3d11tutorials\tutorial04\x64\debug\tutorial04.tlog\rc.command.1.tlog
c:\users\owen\downloads\graphics\rtgraphics-lab-4\direct3d11tutorials\tutorial04\x64\debug\tutorial04.tlog\rc.read.1.tlog
c:\users\owen\downloads\graphics\rtgraphics-lab-4\direct3d11tutorials\tutorial04\x64\debug\tutorial04.tlog\rc.write.1.tlog
